<?xml version="1.0" encoding="UTF-8"?>
<coverage generated="1655288208414" clover="3.2.0">
  <project timestamp="1655288208414" name="All files">
    <metrics statements="8" coveredstatements="8" conditionals="0" coveredconditionals="0" methods="5" coveredmethods="5" elements="13" coveredelements="13" complexity="0" loc="8" ncloc="8" packages="1" files="1" classes="1"/>
    <file name="index.js" path="/Users/jaeung2/Desktop/ Dev./Study/react-tdd/index.js">
      <metrics statements="8" coveredstatements="8" conditionals="0" coveredconditionals="0" methods="5" coveredmethods="5"/>
      <line num="1" count="1" type="stmt"/>
      <line num="2" count="1" type="stmt"/>
      <line num="5" count="1" type="stmt"/>
      <line num="6" count="1" type="stmt"/>
      <line num="12" count="2" type="stmt"/>
      <line num="14" count="1" type="stmt"/>
      <line num="15" count="3" type="stmt"/>
      <line num="18" count="1" type="stmt"/>
    </file>
  </project>
</coverage>
